<?xml version="1.0" encoding="UTF-8"?>
<!-- Generated by org.testng.reporters.JUnitReportReporter -->
<testsuite skipped="0" hostname="a-PC" name="com.selenium.testng.Code_For_Frame" tests="1" failures="0" timestamp="31 Dec 2022 06:47:15 GMT" time="8.804" errors="0">
  <testcase name="Frame" time="8.804" classname="com.selenium.testng.Code_For_Frame"/>
</testsuite> <!-- com.selenium.testng.Code_For_Frame -->
