<?xml version="1.0" encoding="UTF-8"?>
<!-- Generated by org.testng.reporters.JUnitReportReporter -->
<testsuite skipped="0" hostname="a-PC" name="com.selenium.testng.Code_For_Windowsize" tests="1" failures="0" timestamp="31 Dec 2022 07:05:10 GMT" time="7.867" errors="0">
  <testcase name="WindowSize" time="7.867" classname="com.selenium.testng.Code_For_Windowsize"/>
</testsuite> <!-- com.selenium.testng.Code_For_Windowsize -->
