<?xml version="1.0" encoding="UTF-8"?>
<!-- Generated by org.testng.reporters.JUnitReportReporter -->
<testsuite skipped="0" hostname="a-PC" name="com.selenium.testng.HardAssertTest" tests="2" failures="0" timestamp="18 Dec 2022 07:58:30 GMT" time="13.690" errors="0">
  <testcase name="loginAdminTest" time="10.335" classname="com.selenium.testng.HardAssertTest"/>
  <testcase name="logoutAdminTest" time="3.355" classname="com.selenium.testng.HardAssertTest"/>
</testsuite> <!-- com.selenium.testng.HardAssertTest -->
