<?xml version="1.0" encoding="UTF-8"?>
<!-- Generated by org.testng.reporters.JUnitReportReporter -->
<testsuite skipped="0" hostname="a-PC" name="com.selenium.testng.Code_For_CountElements_1" tests="1" failures="0" timestamp="31 Dec 2022 06:40:37 GMT" time="9.898" errors="0">
  <testcase name="CountWebElement" time="9.898" classname="com.selenium.testng.Code_For_CountElements_1"/>
</testsuite> <!-- com.selenium.testng.Code_For_CountElements_1 -->
