<?xml version="1.0" encoding="UTF-8"?>
<!-- Generated by org.testng.reporters.JUnitReportReporter -->
<testsuite skipped="0" hostname="a-PC" name="com.selenium.testng.Amazon" tests="1" failures="0" timestamp="04 Jan 2023 06:37:01 GMT" time="28.392" errors="0">
  <testcase name="Amz" time="28.392" classname="com.selenium.testng.Amazon"/>
</testsuite> <!-- com.selenium.testng.Amazon -->
