<?xml version="1.0" encoding="UTF-8"?>
<!-- Generated by org.testng.reporters.JUnitReportReporter -->
<testsuite skipped="0" hostname="a-PC" name="com.itview.actualtestcase.CarHomeLoanEMI_Test" tests="1" failures="0" timestamp="10 Jan 2023 09:22:01 GMT" time="18.110" errors="0">
  <testcase name="CarHomeLoanEMI_Test1" time="18.110" classname="com.itview.actualtestcase.CarHomeLoanEMI_Test"/>
</testsuite> <!-- com.itview.actualtestcase.CarHomeLoanEMI_Test -->
