<?xml version="1.0" encoding="UTF-8"?>
<!-- Generated by org.testng.reporters.JUnitReportReporter -->
<testsuite skipped="0" hostname="a-PC" name="com.selenium.testng.Hospital" tests="1" failures="0" timestamp="24 Dec 2022 17:35:27 GMT" time="18.613" errors="0">
  <testcase name="HospitalPageLogin" time="18.613" classname="com.selenium.testng.Hospital"/>
</testsuite> <!-- com.selenium.testng.Hospital -->
