<?xml version="1.0" encoding="UTF-8"?>
<!-- Generated by org.testng.reporters.JUnitReportReporter -->
<testsuite skipped="0" hostname="a-PC" name="com.itview.actualtestcase.CreditCardDebtPayoff_Test" tests="1" failures="0" timestamp="11 Jan 2023 08:10:33 GMT" time="23.660" errors="0">
  <testcase name="CreditCardDebtPayoff_Test1" time="23.660" classname="com.itview.actualtestcase.CreditCardDebtPayoff_Test"/>
</testsuite> <!-- com.itview.actualtestcase.CreditCardDebtPayoff_Test -->
