<?xml version="1.0" encoding="UTF-8"?>
<!-- Generated by org.testng.reporters.JUnitReportReporter -->
<testsuite skipped="0" hostname="a-PC" name="com.selenium.testng.Assignment1_edge" tests="1" failures="0" timestamp="01 Jan 2023 10:16:28 GMT" time="23.647" errors="0">
  <testcase name="Flight" time="23.647" classname="com.selenium.testng.Assignment1_edge"/>
</testsuite> <!-- com.selenium.testng.Assignment1_edge -->
