<?xml version="1.0" encoding="UTF-8"?>
<!-- Generated by org.testng.reporters.JUnitReportReporter -->
<testsuite skipped="0" hostname="a-PC" name="com.selenium.testng.Tours" tests="1" failures="0" timestamp="31 Dec 2022 13:00:07 GMT" time="18.816" errors="0">
  <testcase name="ToursInfo" time="18.816" classname="com.selenium.testng.Tours"/>
</testsuite> <!-- com.selenium.testng.Tours -->
