<?xml version="1.0" encoding="UTF-8"?>
<!-- Generated by org.testng.reporters.JUnitReportReporter -->
<testsuite skipped="0" hostname="a-PC" name="com.selenium.testng.Basic_WebObjectCode" tests="3" failures="0" timestamp="24 Dec 2022 07:33:18 GMT" time="48.375" errors="0">
  <testcase name="handleTextBox" time="43.984" classname="com.selenium.testng.Basic_WebObjectCode"/>
  <testcase name="handleRadioButton_Checkbox" time="2.622" classname="com.selenium.testng.Basic_WebObjectCode"/>
  <testcase name="handleDropDownList" time="1.769" classname="com.selenium.testng.Basic_WebObjectCode"/>
</testsuite> <!-- com.selenium.testng.Basic_WebObjectCode -->
