<?xml version="1.0" encoding="UTF-8"?>
<!-- Generated by org.testng.reporters.JUnitReportReporter -->
<testsuite skipped="0" hostname="a-PC" name="com.itview.actualtestcase.EducationLoanEMI_Test" tests="1" failures="0" timestamp="11 Jan 2023 17:41:51 GMT" time="21.178" errors="0">
  <testcase name="EducationLoanEMI" time="21.178" classname="com.itview.actualtestcase.EducationLoanEMI_Test"/>
</testsuite> <!-- com.itview.actualtestcase.EducationLoanEMI_Test -->
