<?xml version="1.0" encoding="UTF-8"?>
<!-- Generated by org.testng.reporters.JUnitReportReporter -->
<testsuite skipped="0" hostname="a-PC" name="com.selenium.testng.Snapdeal" tests="1" failures="0" timestamp="24 Dec 2022 07:48:06 GMT" time="37.976" errors="0">
  <testcase name="SD" time="37.976" classname="com.selenium.testng.Snapdeal"/>
</testsuite> <!-- com.selenium.testng.Snapdeal -->
