<?xml version="1.0" encoding="UTF-8"?>
<!-- Generated by org.testng.reporters.JUnitReportReporter -->
<testsuite skipped="0" hostname="a-PC" name="com.selenium.testng.LoginTestCase" tests="1" failures="0" timestamp="17 Dec 2022 06:07:40 GMT" time="59.205" errors="0">
  <testcase name="f" time="59.205" classname="com.selenium.testng.LoginTestCase"/>
</testsuite> <!-- com.selenium.testng.LoginTestCase -->
