<?xml version="1.0" encoding="UTF-8"?>
<!-- Generated by org.testng.reporters.JUnitReportReporter -->
<testsuite skipped="0" hostname="a-PC" name="com.selenium.testng.Code_For_Alert" tests="1" failures="0" timestamp="31 Dec 2022 06:56:34 GMT" time="11.980" errors="0">
  <testcase name="Alert" time="11.980" classname="com.selenium.testng.Code_For_Alert"/>
</testsuite> <!-- com.selenium.testng.Code_For_Alert -->
